<?xml version="1.0" encoding="UTF-8"?>
<!-- Generated by org.testng.reporters.JUnitReportReporter -->
<testsuite hostname="A868LHYD" failures="0" tests="1" name="Cucumber.options.Testrunner" time="13.132" errors="0" timestamp="2023-04-14T13:08:34 IST" skipped="0">
  <testcase classname="Cucumber.options.Testrunner" name="runScenario" time="13.132"/>
  <system-out/>
</testsuite> <!-- Cucumber.options.Testrunner -->
